<?xml version="1.0" encoding="UTF-8"?>
<!-- Generated by org.testng.reporters.JUnitXMLReporter -->
<testsuite ignored="0" hostname="LAPTOP-0U9KESUP" failures="0" tests="4" name="Default test" time="13.895" errors="0" timestamp="2026-07-21T12:07:09 IST">
  <testcase classname="day42.OrangeHRMTest" name="openapp" time="7.046"/>
  <testcase classname="day42.OrangeHRMTest" name="testLogo" time="3.1"/>
  <testcase classname="day42.OrangeHRMTest" name="testLogin" time="3.354"/>
  <testcase classname="day42.OrangeHRMTest" name="testLogout" time="0.319"/>
</testsuite> <!-- Default test -->
