<?xml version="1.0" encoding="UTF-8"?>
<!-- Generated by org.testng.reporters.JUnitXMLReporter -->
<testsuite ignored="6" hostname="LAPTOP-0U9KESUP" failures="0" tests="2" name="groupintests" time="0.088" errors="0" timestamp="2026-04-12T18:50:29 IST">
  <testcase classname="day44.PaymentTests" name="paymentinRupees" time="0.018"/>
  <testcase classname="day44.PaymentTests" name="paymentinDollars" time="0.003"/>
  <testcase classname="day44.LoginTests" name="loginByEmail" time="0.0">
    <ignored/>
  </testcase> <!-- loginByEmail -->
  <testcase classname="day44.SignupTests" name="signupbytwitter" time="0.0">
    <ignored/>
  </testcase> <!-- signupbytwitter -->
  <testcase classname="day44.SignupTests" name="signupbyfacebook" time="0.0">
    <ignored/>
  </testcase> <!-- signupbyfacebook -->
  <testcase classname="day44.LoginTests" name="loginByFacebook" time="0.0">
    <ignored/>
  </testcase> <!-- loginByFacebook -->
  <testcase classname="day44.SignupTests" name="signupemail" time="0.0">
    <ignored/>
  </testcase> <!-- signupemail -->
  <testcase classname="day44.LoginTests" name="loginBytwitter" time="0.0">
    <ignored/>
  </testcase> <!-- loginBytwitter -->
</testsuite> <!-- groupintests -->
