<?xml version="1.0" encoding="UTF-8"?>
<!-- Generated by org.testng.reporters.JUnitXMLReporter -->
<testsuite ignored="0" hostname="LAPTOP-0U9KESUP" failures="0" tests="3" name="firefoxtest" time="36.978" errors="0" timestamp="2026-04-13T19:10:56 IST">
  <testcase classname="day45.ParamTest" name="testlogo" time="0.073"/>
  <testcase classname="day45.ParamTest" name="testTitle" time="0.022"/>
  <testcase classname="day45.ParamTest" name="testURL" time="0.017"/>
</testsuite> <!-- firefoxtest -->
