<?xml version="1.0" encoding="UTF-8"?>
<testng-results ignored="0" total="4" passed="4" failed="0" skipped="0">
  <reporter-output>
  </reporter-output>
  <suite started-at="2026-07-21T12:06:55 IST" name="Default suite" finished-at="2026-07-21T12:07:09 IST" duration-ms="13895">
    <groups>
    </groups>
    <test started-at="2026-07-21T12:06:55 IST" name="Default test" finished-at="2026-07-21T12:07:09 IST" duration-ms="13895">
      <class name="day42.OrangeHRMTest">
        <test-method signature="openapp()[pri:1, instance:day42.OrangeHRMTest@635eaaf1]" started-at="2026-07-21T12:06:55 IST" name="openapp" finished-at="2026-07-21T12:07:02 IST" duration-ms="7046" status="PASS">
          <reporter-output>
          </reporter-output>
        </test-method> <!-- openapp -->
        <test-method signature="testLogo()[pri:2, instance:day42.OrangeHRMTest@635eaaf1]" started-at="2026-07-21T12:07:02 IST" name="testLogo" finished-at="2026-07-21T12:07:05 IST" duration-ms="3100" status="PASS">
          <reporter-output>
          </reporter-output>
        </test-method> <!-- testLogo -->
        <test-method signature="testLogin()[pri:3, instance:day42.OrangeHRMTest@635eaaf1]" started-at="2026-07-21T12:07:05 IST" name="testLogin" finished-at="2026-07-21T12:07:09 IST" duration-ms="3354" status="PASS">
          <reporter-output>
          </reporter-output>
        </test-method> <!-- testLogin -->
        <test-method signature="testLogout()[pri:4, instance:day42.OrangeHRMTest@635eaaf1]" started-at="2026-07-21T12:07:09 IST" name="testLogout" finished-at="2026-07-21T12:07:09 IST" duration-ms="319" status="PASS">
          <reporter-output>
          </reporter-output>
        </test-method> <!-- testLogout -->
      </class> <!-- day42.OrangeHRMTest -->
    </test> <!-- Default test -->
  </suite> <!-- Default suite -->
</testng-results>
