<?xml version="1.0" encoding="UTF-8"?>
<!-- Generated by org.testng.reporters.JUnitReportReporter -->
<testsuite hostname="LAPTOP-0U9KESUP" failures="0" tests="9" name="day45.ParamTest" time="0.765" errors="0" timestamp="2026-04-13T19:10:56 IST" skipped="0">
  <testcase classname="day45.ParamTest" name="testlogo" time="0.107"/>
  <testcase classname="day45.ParamTest" name="testlogo" time="0.073"/>
  <testcase classname="day45.ParamTest" name="testlogo" time="0.419"/>
  <testcase classname="day45.ParamTest" name="testTitle" time="0.027"/>
  <testcase classname="day45.ParamTest" name="testTitle" time="0.046"/>
  <testcase classname="day45.ParamTest" name="testTitle" time="0.022"/>
  <testcase classname="day45.ParamTest" name="testURL" time="0.017"/>
  <testcase classname="day45.ParamTest" name="testURL" time="0.028"/>
  <testcase classname="day45.ParamTest" name="testURL" time="0.026"/>
</testsuite> <!-- day45.ParamTest -->
