<?xml version="1.0" encoding="UTF-8"?>
<!-- Generated by org.testng.reporters.JUnitReportReporter -->
<testsuite hostname="LAPTOP-0U9KESUP" failures="0" tests="3" name="day44.SignupTests" time="0.004" errors="0" timestamp="2026-04-12T18:59:42 IST" skipped="0">
  <testcase classname="day44.SignupTests" name="signupemail" time="0.001"/>
  <testcase classname="day44.SignupTests" name="signupbytwitter" time="0.002"/>
  <testcase classname="day44.SignupTests" name="signupbyfacebook" time="0.001"/>
</testsuite> <!-- day44.SignupTests -->
