<?xml version="1.0" encoding="UTF-8"?>
<!-- Generated by org.testng.reporters.JUnitReportReporter -->
<testsuite hostname="LAPTOP-0U9KESUP" failures="0" tests="3" name="day42.FirstTestCase" time="0.010" errors="0" timestamp="2026-04-11T19:24:06 IST" skipped="0">
  <testcase classname="day42.FirstTestCase" name="openapp" time="0.003"/>
  <testcase classname="day42.FirstTestCase" name="login" time="0.006"/>
  <testcase classname="day42.FirstTestCase" name="logout" time="0.001"/>
</testsuite> <!-- day42.FirstTestCase -->
