<?xml version="1.0" encoding="UTF-8"?>
<!-- Generated by org.testng.reporters.JUnitReportReporter -->
<testsuite hostname="LAPTOP-0U9KESUP" failures="0" tests="3" name="day44.LoginTests" time="0.018" errors="0" timestamp="2026-04-12T18:59:42 IST" skipped="0">
  <testcase classname="day44.LoginTests" name="loginByEmail" time="0.014"/>
  <testcase classname="day44.LoginTests" name="loginByFacebook" time="0.003"/>
  <testcase classname="day44.LoginTests" name="loginBytwitter" time="0.001"/>
</testsuite> <!-- day44.LoginTests -->
