<?xml version="1.0" encoding="UTF-8"?>
<!-- Generated by org.testng.reporters.JUnitReportReporter -->
<testsuite hostname="LAPTOP-0U9KESUP" failures="0" tests="4" name="day42.OrangeHRMTest" time="13.819" errors="0" timestamp="2026-07-21T12:07:09 IST" skipped="0">
  <testcase classname="day42.OrangeHRMTest" name="openapp" time="7.046"/>
  <testcase classname="day42.OrangeHRMTest" name="testLogo" time="3.100"/>
  <testcase classname="day42.OrangeHRMTest" name="testLogin" time="3.354"/>
  <testcase classname="day42.OrangeHRMTest" name="testLogout" time="0.319"/>
</testsuite> <!-- day42.OrangeHRMTest -->
