<?xml version="1.0" encoding="UTF-8"?>
<!-- Generated by org.testng.reporters.JUnitXMLReporter -->
<testsuite ignored="0" hostname="LAPTOP-0U9KESUP" failures="0" tests="7" name="my tests" time="14.172" errors="0" timestamp="2026-04-11T19:24:06 IST">
  <testcase classname="day42.OrangeHRMTest" name="openapp" time="9.788"/>
  <testcase classname="day42.OrangeHRMTest" name="testLogo" time="3.155"/>
  <testcase classname="day42.OrangeHRMTest" name="testLogin" time="0.567"/>
  <testcase classname="day42.OrangeHRMTest" name="testLogout" time="0.527"/>
  <testcase classname="day42.FirstTestCase" name="openapp" time="0.003"/>
  <testcase classname="day42.FirstTestCase" name="login" time="0.006"/>
  <testcase classname="day42.FirstTestCase" name="logout" time="0.001"/>
</testsuite> <!-- my tests -->
